<?xml version="1.0" encoding="UTF-8"?>
<testsuite name="test.java.VocabTest" tests="1" skipped="0" failures="0" errors="0" timestamp="2021-10-29T17:33:16" hostname="Mickey-Mouse" time="0.018">
  <properties/>
  <testcase name="testAddStartingWord()" classname="test.java.VocabTest" time="0.018"/>
  <system-out><![CDATA[]]></system-out>
  <system-err><![CDATA[]]></system-err>
</testsuite>
